Start testing: Aug 02 13:22 IST
----------------------------------------------------------
1/1 Testing: RunAll
1/1 Test: RunAll
Command: "/Users/prashantlohar/quant15m_cpp/build/atr_tests"
Directory: /Users/prashantlohar/quant15m_cpp/build
"RunAll" start time: Aug 02 13:22 IST
Output:
----------------------------------------------------------
Running main() from /Users/prashantlohar/.conan2/p/b/gtest027d1a2edcd77/b/src/googletest/src/gtest_main.cc
[==========] Running 2 tests from 2 test suites.
[----------] Global test environment set-up.
[----------] 1 test from ATR
[ RUN      ] ATR.Wilder14_KnownExample
[       OK ] ATR.Wilder14_KnownExample (0 ms)
[----------] 1 test from ATR (0 ms total)

[----------] 1 test from TrailingSL
[ RUN      ] TrailingSL.Basic
[       OK ] TrailingSL.Basic (0 ms)
[----------] 1 test from TrailingSL (0 ms total)

[----------] Global test environment tear-down
[==========] 2 tests from 2 test suites ran. (0 ms total)
[  PASSED  ] 2 tests.
<end of output>
Test time =   0.34 sec
----------------------------------------------------------
Test Passed.
"RunAll" end time: Aug 02 13:22 IST
"RunAll" time elapsed: 00:00:00
----------------------------------------------------------

End testing: Aug 02 13:22 IST
